This is pdfTeX, Version 3.14159265-2.6-1.40.20 (MiKTeX 2.9.7250 64-bit) (preloaded format=pdflatex 2020.2.1)  8 DEC 2020 17:40
entering extended mode
**./LAB10_REPORT.tex
(LAB10_REPORT.tex
LaTeX2e <2019-10-01> patch level 3
("C:\Users\HIBIKI\AppData\Local\Programs\MiKTeX 2.9\tex/latex/base\article.cls"
Document Class: article 2019/10/25 v1.4k Standard LaTeX document class
("C:\Users\HIBIKI\AppData\Local\Programs\MiKTeX 2.9\tex/latex/base\size12.clo"
File: size12.clo 2019/10/25 v1.4k Standard LaTeX file (size option)
)
\c@part=\count80
\c@section=\count81
\c@subsection=\count82
\c@subsubsection=\count83
\c@paragraph=\count84
\c@subparagraph=\count85
\c@figure=\count86
\c@table=\count87
\abovecaptionskip=\skip41
\belowcaptionskip=\skip42
\bibindent=\dimen102
)
("C:\Users\HIBIKI\AppData\Local\Programs\MiKTeX 2.9\tex/latex/amsmath\amsmath.s
ty"
Package: amsmath 2019/11/16 v2.17d AMS math features
\@mathmargin=\skip43

For additional information on amsmath, use the `?' option.

("C:\Users\HIBIKI\AppData\Local\Programs\MiKTeX 2.9\tex/latex/amsmath\amstext.s
ty"
Package: amstext 2000/06/29 v2.01 AMS text

("C:\Users\HIBIKI\AppData\Local\Programs\MiKTeX 2.9\tex/latex/amsmath\amsgen.st
y"
File: amsgen.sty 1999/11/30 v2.0 generic functions
\@emptytoks=\toks14
\ex@=\dimen103
))
("C:\Users\HIBIKI\AppData\Local\Programs\MiKTeX 2.9\tex/latex/amsmath\amsbsy.st
y"
Package: amsbsy 1999/11/29 v1.2d Bold Symbols
\pmbraise@=\dimen104
)
("C:\Users\HIBIKI\AppData\Local\Programs\MiKTeX 2.9\tex/latex/amsmath\amsopn.st
y"
Package: amsopn 2016/03/08 v2.02 operator names
)
\inf@bad=\count88
LaTeX Info: Redefining \frac on input line 227.
\uproot@=\count89
\leftroot@=\count90
LaTeX Info: Redefining \overline on input line 389.
\classnum@=\count91
\DOTSCASE@=\count92
LaTeX Info: Redefining \ldots on input line 486.
LaTeX Info: Redefining \dots on input line 489.
LaTeX Info: Redefining \cdots on input line 610.
\Mathstrutbox@=\box27
\strutbox@=\box28
\big@size=\dimen105
LaTeX Font Info:    Redeclaring font encoding OML on input line 733.
LaTeX Font Info:    Redeclaring font encoding OMS on input line 734.
\macc@depth=\count93
\c@MaxMatrixCols=\count94
\dotsspace@=\muskip10
\c@parentequation=\count95
\dspbrk@lvl=\count96
\tag@help=\toks15
\row@=\count97
\column@=\count98
\maxfields@=\count99
\andhelp@=\toks16
\eqnshift@=\dimen106
\alignsep@=\dimen107
\tagshift@=\dimen108
\tagwidth@=\dimen109
\totwidth@=\dimen110
\lineht@=\dimen111
\@envbody=\toks17
\multlinegap=\skip44
\multlinetaggap=\skip45
\mathdisplay@stack=\toks18
LaTeX Info: Redefining \[ on input line 2858.
LaTeX Info: Redefining \] on input line 2859.
)
("C:\Users\HIBIKI\AppData\Local\Programs\MiKTeX 2.9\tex/latex/graphics\graphicx
.sty"
Package: graphicx 2017/06/01 v1.1a Enhanced LaTeX Graphics (DPC,SPQR)

("C:\Users\HIBIKI\AppData\Local\Programs\MiKTeX 2.9\tex/latex/graphics\keyval.s
ty"
Package: keyval 2014/10/28 v1.15 key=value parser (DPC)
\KV@toks@=\toks19
)
("C:\Users\HIBIKI\AppData\Local\Programs\MiKTeX 2.9\tex/latex/graphics\graphics
.sty"
Package: graphics 2019/11/01 v1.3d Standard LaTeX Graphics (DPC,SPQR)

("C:\Users\HIBIKI\AppData\Local\Programs\MiKTeX 2.9\tex/latex/graphics\trig.sty
"
Package: trig 2016/01/03 v1.10 sin cos tan (DPC)
)
("C:\Users\HIBIKI\AppData\Local\Programs\MiKTeX 2.9\tex/latex/graphics-cfg\grap
hics.cfg"
File: graphics.cfg 2016/06/04 v1.11 sample graphics configuration
)
Package graphics Info: Driver file: pdftex.def on input line 105.

("C:\Users\HIBIKI\AppData\Local\Programs\MiKTeX 2.9\tex/latex/graphics-def\pdft
ex.def"
File: pdftex.def 2018/01/08 v1.0l Graphics/color driver for pdftex
))
\Gin@req@height=\dimen112
\Gin@req@width=\dimen113
) (LAB10_REPORT.aux)
\openout1 = `LAB10_REPORT.aux'.

LaTeX Font Info:    Checking defaults for OML/cmm/m/it on input line 8.
LaTeX Font Info:    ... okay on input line 8.
LaTeX Font Info:    Checking defaults for T1/cmr/m/n on input line 8.
LaTeX Font Info:    ... okay on input line 8.
LaTeX Font Info:    Checking defaults for OT1/cmr/m/n on input line 8.
LaTeX Font Info:    ... okay on input line 8.
LaTeX Font Info:    Checking defaults for OMS/cmsy/m/n on input line 8.
LaTeX Font Info:    ... okay on input line 8.
LaTeX Font Info:    Checking defaults for OMX/cmex/m/n on input line 8.
LaTeX Font Info:    ... okay on input line 8.
LaTeX Font Info:    Checking defaults for U/cmr/m/n on input line 8.
LaTeX Font Info:    ... okay on input line 8.

("C:\Users\HIBIKI\AppData\Local\Programs\MiKTeX 2.9\tex/context/base/mkii\supp-
pdf.mkii"
[Loading MPS to PDF converter (version 2006.09.02).]
\scratchcounter=\count100
\scratchdimen=\dimen114
\scratchbox=\box29
\nofMPsegments=\count101
\nofMParguments=\count102
\everyMPshowfont=\toks20
\MPscratchCnt=\count103
\MPscratchDim=\dimen115
\MPnumerator=\count104
\makeMPintoPDFobject=\count105
\everyMPtoPDFconversion=\toks21
)
("C:\Users\HIBIKI\AppData\Local\Programs\MiKTeX 2.9\tex/latex/epstopdf-pkg\epst
opdf-base.sty"
Package: epstopdf-base 2019-12-09 v2.10 Base part for package epstopdf
Package epstopdf-base Info: Redefining graphics rule for `.eps' on input line 4
85.
) [1

{C:/Users/HIBIKI/AppData/Local/MiKTeX/2.9/pdftex/config/pdftex.map}]
<../Lab12/Problem1.png, id=7, 682.9515pt x 422.7795pt>
File: ../Lab12/Problem1.png Graphic file (type png)
<use ../Lab12/Problem1.png>
Package pdftex.def Info: ../Lab12/Problem1.png  used on input line 23.
(pdftex.def)             Requested size: 341.47491pt x 211.38922pt.

Underfull \hbox (badness 10000) in paragraph at lines 21--24

 []

[1 <../Lab12/Problem1.png>]
Underfull \hbox (badness 10000) in paragraph at lines 27--28

 []

<../Lab12/Code1.png, id=12, 148.1535pt x 177.0615pt>
File: ../Lab12/Code1.png Graphic file (type png)
<use ../Lab12/Code1.png>
Package pdftex.def Info: ../Lab12/Code1.png  used on input line 29.
(pdftex.def)             Requested size: 296.30627pt x 354.12207pt.

Underfull \hbox (badness 10000) in paragraph at lines 29--30

 []

<../Lab12/ResultofK.png, id=13, 293.898pt x 154.77824pt>
File: ../Lab12/ResultofK.png Graphic file (type png)
<use ../Lab12/ResultofK.png>
Package pdftex.def Info: ../Lab12/ResultofK.png  used on input line 33.
(pdftex.def)             Requested size: 293.89726pt x 154.77786pt.
<../Lab12/Result1.png, id=14, 978.054pt x 548.0475pt>
File: ../Lab12/Result1.png Graphic file (type png)
<use ../Lab12/Result1.png>
Package pdftex.def Info: ../Lab12/Result1.png  used on input line 34.
(pdftex.def)             Requested size: 489.0258pt x 274.02307pt.

Overfull \hbox (99.0258pt too wide) in paragraph at lines 33--35
[] 
 []


Underfull \hbox (badness 10000) in paragraph at lines 33--35

 []

[2

 <../Lab12/Code1.png>] [3 <../Lab12/ResultofK.png> <../Lab12/Result1.png>]
<../Lab12/Problem2.png, id=21, 664.884pt x 452.892pt>
File: ../Lab12/Problem2.png Graphic file (type png)
<use ../Lab12/Problem2.png>
Package pdftex.def Info: ../Lab12/Problem2.png  used on input line 42.
(pdftex.def)             Requested size: 332.4412pt x 226.44543pt.
<../Lab12/Code2.png, id=22, 681.747pt x 321.6015pt>
File: ../Lab12/Code2.png Graphic file (type png)
<use ../Lab12/Code2.png>
Package pdftex.def Info: ../Lab12/Code2.png  used on input line 43.
(pdftex.def)             Requested size: 477.21964pt x 225.1195pt.

Overfull \hbox (87.21964pt too wide) in paragraph at lines 42--44
[] 
 []


Underfull \hbox (badness 10000) in paragraph at lines 42--44

 []

[4

 <../Lab12/Problem2.png> <../Lab12/Code2.png>]
Underfull \hbox (badness 10000) in paragraph at lines 49--50

 []

<../Lab12/Result2.png, id=26, 984.0765pt x 550.4565pt>
File: ../Lab12/Result2.png Graphic file (type png)
<use ../Lab12/Result2.png>
Package pdftex.def Info: ../Lab12/Result2.png  used on input line 51.
(pdftex.def)             Requested size: 393.62363pt x 220.1787pt.

Overfull \hbox (21.24844pt too wide) in paragraph at lines 51--52
[][] 
 []


Underfull \hbox (badness 10000) in paragraph at lines 51--52

 []

<../Lab12/Result2_Responses.png, id=27, 993.7125pt x 552.8655pt>
File: ../Lab12/Result2_Responses.png Graphic file (type png)
<use ../Lab12/Result2_Responses.png>
Package pdftex.def Info: ../Lab12/Result2_Responses.png  used on input line 53.

(pdftex.def)             Requested size: 397.47795pt x 221.14227pt.

Overfull \hbox (25.10277pt too wide) in paragraph at lines 53--54
[][] 
 []


Underfull \hbox (badness 10000) in paragraph at lines 53--54

 []

[5

 <../Lab12/Result2.png> <../Lab12/Result2_Responses.png>] [6]
(LAB10_REPORT.aux) ) 
Here is how much of TeX's memory you used:
 1672 strings out of 492483
 21846 string characters out of 3121137
 85904 words of memory out of 3000000
 6041 multiletter control sequences out of 15000+200000
 6514 words of font info for 24 fonts, out of 3000000 for 9000
 1141 hyphenation exceptions out of 8191
 30i,6n,23p,292b,193s stack positions out of 5000i,500n,10000p,200000b,50000s
<C:/Users/HIBIKI/AppData/Local/Programs/MiKTeX 2.9/fonts/ty
pe1/public/amsfonts/cm/cmbx12.pfb><C:/Users/HIBIKI/AppData/Local/Programs/MiKTe
X 2.9/fonts/type1/public/amsfonts/cm/cmr12.pfb><C:/Users/HIBIKI/AppData/Local/P
rograms/MiKTeX 2.9/fonts/type1/public/amsfonts/cm/cmr17.pfb>
Output written on LAB10_REPORT.pdf (7 pages, 443220 bytes).
PDF statistics:
 46 PDF objects out of 1000 (max. 8388607)
 0 named destinations out of 1000 (max. 500000)
 41 words of extra memory for PDF output out of 10000 (max. 10000000)

