This is pdfTeX, Version 3.14159265-2.6-1.40.20 (MiKTeX 2.9.7250 64-bit) (preloaded format=pdflatex 2020.2.1)  7 OCT 2020 13:44
entering extended mode
**./Lab5_report.tex
(Lab5_report.tex
LaTeX2e <2019-10-01> patch level 3
("C:\Users\HIBIKI\AppData\Local\Programs\MiKTeX 2.9\tex/latex/base\article.cls"
Document Class: article 2019/10/25 v1.4k Standard LaTeX document class
("C:\Users\HIBIKI\AppData\Local\Programs\MiKTeX 2.9\tex/latex/base\size12.clo"
File: size12.clo 2019/10/25 v1.4k Standard LaTeX file (size option)
)
\c@part=\count80
\c@section=\count81
\c@subsection=\count82
\c@subsubsection=\count83
\c@paragraph=\count84
\c@subparagraph=\count85
\c@figure=\count86
\c@table=\count87
\abovecaptionskip=\skip41
\belowcaptionskip=\skip42
\bibindent=\dimen102
)
("C:\Users\HIBIKI\AppData\Local\Programs\MiKTeX 2.9\tex/latex/amsmath\amsmath.s
ty"
Package: amsmath 2019/11/16 v2.17d AMS math features
\@mathmargin=\skip43

For additional information on amsmath, use the `?' option.

("C:\Users\HIBIKI\AppData\Local\Programs\MiKTeX 2.9\tex/latex/amsmath\amstext.s
ty"
Package: amstext 2000/06/29 v2.01 AMS text

("C:\Users\HIBIKI\AppData\Local\Programs\MiKTeX 2.9\tex/latex/amsmath\amsgen.st
y"
File: amsgen.sty 1999/11/30 v2.0 generic functions
\@emptytoks=\toks14
\ex@=\dimen103
))
("C:\Users\HIBIKI\AppData\Local\Programs\MiKTeX 2.9\tex/latex/amsmath\amsbsy.st
y"
Package: amsbsy 1999/11/29 v1.2d Bold Symbols
\pmbraise@=\dimen104
)
("C:\Users\HIBIKI\AppData\Local\Programs\MiKTeX 2.9\tex/latex/amsmath\amsopn.st
y"
Package: amsopn 2016/03/08 v2.02 operator names
)
\inf@bad=\count88
LaTeX Info: Redefining \frac on input line 227.
\uproot@=\count89
\leftroot@=\count90
LaTeX Info: Redefining \overline on input line 389.
\classnum@=\count91
\DOTSCASE@=\count92
LaTeX Info: Redefining \ldots on input line 486.
LaTeX Info: Redefining \dots on input line 489.
LaTeX Info: Redefining \cdots on input line 610.
\Mathstrutbox@=\box27
\strutbox@=\box28
\big@size=\dimen105
LaTeX Font Info:    Redeclaring font encoding OML on input line 733.
LaTeX Font Info:    Redeclaring font encoding OMS on input line 734.
\macc@depth=\count93
\c@MaxMatrixCols=\count94
\dotsspace@=\muskip10
\c@parentequation=\count95
\dspbrk@lvl=\count96
\tag@help=\toks15
\row@=\count97
\column@=\count98
\maxfields@=\count99
\andhelp@=\toks16
\eqnshift@=\dimen106
\alignsep@=\dimen107
\tagshift@=\dimen108
\tagwidth@=\dimen109
\totwidth@=\dimen110
\lineht@=\dimen111
\@envbody=\toks17
\multlinegap=\skip44
\multlinetaggap=\skip45
\mathdisplay@stack=\toks18
LaTeX Info: Redefining \[ on input line 2858.
LaTeX Info: Redefining \] on input line 2859.
)
("C:\Users\HIBIKI\AppData\Local\Programs\MiKTeX 2.9\tex/latex/graphics\graphicx
.sty"
Package: graphicx 2017/06/01 v1.1a Enhanced LaTeX Graphics (DPC,SPQR)

("C:\Users\HIBIKI\AppData\Local\Programs\MiKTeX 2.9\tex/latex/graphics\keyval.s
ty"
Package: keyval 2014/10/28 v1.15 key=value parser (DPC)
\KV@toks@=\toks19
)
("C:\Users\HIBIKI\AppData\Local\Programs\MiKTeX 2.9\tex/latex/graphics\graphics
.sty"
Package: graphics 2019/11/01 v1.3d Standard LaTeX Graphics (DPC,SPQR)

("C:\Users\HIBIKI\AppData\Local\Programs\MiKTeX 2.9\tex/latex/graphics\trig.sty
"
Package: trig 2016/01/03 v1.10 sin cos tan (DPC)
)
("C:\Users\HIBIKI\AppData\Local\Programs\MiKTeX 2.9\tex/latex/graphics-cfg\grap
hics.cfg"
File: graphics.cfg 2016/06/04 v1.11 sample graphics configuration
)
Package graphics Info: Driver file: pdftex.def on input line 105.

("C:\Users\HIBIKI\AppData\Local\Programs\MiKTeX 2.9\tex/latex/graphics-def\pdft
ex.def"
File: pdftex.def 2018/01/08 v1.0l Graphics/color driver for pdftex
))
\Gin@req@height=\dimen112
\Gin@req@width=\dimen113
) (Lab5_report.aux)
\openout1 = `Lab5_report.aux'.

LaTeX Font Info:    Checking defaults for OML/cmm/m/it on input line 8.
LaTeX Font Info:    ... okay on input line 8.
LaTeX Font Info:    Checking defaults for T1/cmr/m/n on input line 8.
LaTeX Font Info:    ... okay on input line 8.
LaTeX Font Info:    Checking defaults for OT1/cmr/m/n on input line 8.
LaTeX Font Info:    ... okay on input line 8.
LaTeX Font Info:    Checking defaults for OMS/cmsy/m/n on input line 8.
LaTeX Font Info:    ... okay on input line 8.
LaTeX Font Info:    Checking defaults for OMX/cmex/m/n on input line 8.
LaTeX Font Info:    ... okay on input line 8.
LaTeX Font Info:    Checking defaults for U/cmr/m/n on input line 8.
LaTeX Font Info:    ... okay on input line 8.

("C:\Users\HIBIKI\AppData\Local\Programs\MiKTeX 2.9\tex/context/base/mkii\supp-
pdf.mkii"
[Loading MPS to PDF converter (version 2006.09.02).]
\scratchcounter=\count100
\scratchdimen=\dimen114
\scratchbox=\box29
\nofMPsegments=\count101
\nofMParguments=\count102
\everyMPshowfont=\toks20
\MPscratchCnt=\count103
\MPscratchDim=\dimen115
\MPnumerator=\count104
\makeMPintoPDFobject=\count105
\everyMPtoPDFconversion=\toks21
)
("C:\Users\HIBIKI\AppData\Local\Programs\MiKTeX 2.9\tex/latex/epstopdf-pkg\epst
opdf-base.sty"
Package: epstopdf-base 2019-12-09 v2.10 Base part for package epstopdf
Package epstopdf-base Info: Redefining graphics rule for `.eps' on input line 4
85.
) [1

{C:/Users/HIBIKI/AppData/Local/MiKTeX/2.9/pdftex/config/pdftex.map}]
Underfull \hbox (badness 10000) in paragraph at lines 16--17

 []


Underfull \hbox (badness 10000) in paragraph at lines 20--21

 []

<../Lab6/HW_code1.png, id=7, 709.4505pt x 533.5935pt>
File: ../Lab6/HW_code1.png Graphic file (type png)
<use ../Lab6/HW_code1.png>
Package pdftex.def Info: ../Lab6/HW_code1.png  used on input line 23.
(pdftex.def)             Requested size: 354.72438pt x 266.7961pt.

Underfull \hbox (badness 10000) in paragraph at lines 22--24

 []

<../Lab6/HW_2_code1.png, id=8, 259.56975pt x 342.68025pt>
File: ../Lab6/HW_2_code1.png Graphic file (type png)
<use ../Lab6/HW_2_code1.png>
Package pdftex.def Info: ../Lab6/HW_2_code1.png  used on input line 28.
(pdftex.def)             Requested size: 259.5691pt x 342.67941pt.

Underfull \hbox (badness 10000) in paragraph at lines 27--29

 []

[1 <../Lab6/HW_code1.png>] [2 <../Lab6/HW_2_code1.png>]
<../Lab6/HW_2_result1.png, id=16, 342.078pt x 146.949pt>
File: ../Lab6/HW_2_result1.png Graphic file (type png)
<use ../Lab6/HW_2_result1.png>
Package pdftex.def Info: ../Lab6/HW_2_result1.png  used on input line 33.
(pdftex.def)             Requested size: 342.07715pt x 146.94864pt.

Underfull \hbox (badness 10000) in paragraph at lines 33--34

 []

<../Lab6/HW_2_result2.png, id=17, 972.63374pt x 524.55975pt>
File: ../Lab6/HW_2_result2.png Graphic file (type png)
<use ../Lab6/HW_2_result2.png>
Package pdftex.def Info: ../Lab6/HW_2_result2.png  used on input line 35.
(pdftex.def)             Requested size: 486.31567pt x 262.27922pt.

Overfull \hbox (113.94049pt too wide) in paragraph at lines 35--36
[][] 
 []


Underfull \hbox (badness 10000) in paragraph at lines 35--36

 []

[3

 <../Lab6/HW_2_result1.png> <../Lab6/HW_2_result2.png>]
<../Lab6/HW_2.png, id=21, 685.96275pt x 467.94826pt>
File: ../Lab6/HW_2.png Graphic file (type png)
<use ../Lab6/HW_2.png>
Package pdftex.def Info: ../Lab6/HW_2.png  used on input line 47.
(pdftex.def)             Requested size: 342.98053pt x 233.97356pt.

Underfull \hbox (badness 10000) in paragraph at lines 47--48

 []

[4


 <../Lab6/HW_2.png>]
<../Lab6/HW_code2.png, id=25, 320.397pt x 442.65375pt>
File: ../Lab6/HW_code2.png Graphic file (type png)
<use ../Lab6/HW_code2.png>
Package pdftex.def Info: ../Lab6/HW_code2.png  used on input line 52.
(pdftex.def)             Requested size: 288.35463pt x 398.38467pt.

Underfull \hbox (badness 10000) in paragraph at lines 51--53

 []

[5

 <../Lab6/HW_code2.png>]
<../Lab6/HW0_result.png, id=29, 998.5305pt x 561.89925pt>
File: ../Lab6/HW0_result.png Graphic file (type png)
<use ../Lab6/HW0_result.png>
Package pdftex.def Info: ../Lab6/HW0_result.png  used on input line 58.
(pdftex.def)             Requested size: 499.26404pt x 280.94893pt.

Overfull \hbox (109.26404pt too wide) in paragraph at lines 57--59
[] 
 []


Underfull \hbox (badness 10000) in paragraph at lines 57--59

 []

[6

 <../Lab6/HW0_result.png>] (Lab5_report.aux) ) 
Here is how much of TeX's memory you used:
 1666 strings out of 492483
 21695 string characters out of 3121137
 85903 words of memory out of 3000000
 6036 multiletter control sequences out of 15000+200000
 6514 words of font info for 24 fonts, out of 3000000 for 9000
 1141 hyphenation exceptions out of 8191
 30i,6n,23p,486b,193s stack positions out of 5000i,500n,10000p,200000b,50000s
<C:/Users/HIBIKI/AppData/Local/Pr
ograms/MiKTeX 2.9/fonts/type1/public/amsfonts/cm/cmbx12.pfb><C:/Users/HIBIKI/Ap
pData/Local/Programs/MiKTeX 2.9/fonts/type1/public/amsfonts/cm/cmr12.pfb><C:/Us
ers/HIBIKI/AppData/Local/Programs/MiKTeX 2.9/fonts/type1/public/amsfonts/cm/cmr
17.pfb>
Output written on Lab5_report.pdf (7 pages, 368271 bytes).
PDF statistics:
 45 PDF objects out of 1000 (max. 8388607)
 0 named destinations out of 1000 (max. 500000)
 36 words of extra memory for PDF output out of 10000 (max. 10000000)

